# JRE version: OpenJDK Runtime Environment (15.0.2+7) (build 15.0.2+7-27)
# Java VM: OpenJDK 64-Bit Server VM (15.0.2+7-27, mixed mode, sharing, tiered, compressed oops, g1 gc, windows-amd64)
GC Precious Log:
 CPUs: 4 total, 4 available
 Memory: 8138M
 Large Page Support: Disabled
 NUMA Support: Disabled
 Compressed Oops: Enabled (32-bit)
 Heap Region Size: 1M
 Heap Min Capacity: 256M
 Heap Initial Capacity: 256M
 Heap Max Capacity: 512M
 Pre-touch: Disabled
 Parallel Workers: 4
 Concurrent Workers: 1
 Concurrent Refinement Workers: 4
 Periodic GC: Disabled
Heap:
 garbage-first heap   total 262144K, used 66874K [0x00000000e0000000, 0x0000000100000000)
  region size 1024K, 48 young (49152K), 19 survivors (19456K)
 Metaspace       used 57065K, capacity 58073K, committed 58160K, reserved 307200K
  class space    used 7739K, capacity 8043K, committed 8064K, reserved 253952K
GC Heap History (12 events):
Event: 0.401 GC heap before
{Heap before GC invocations=0 (full 0):
 garbage-first heap   total 262144K, used 18432K [0x00000000e0000000, 0x0000000100000000)
  region size 1024K, 13 young (13312K), 0 survivors (0K)
 Metaspace       used 1696K, capacity 5209K, committed 5376K, reserved 262144K
  class space    used 169K, capacity 499K, committed 512K, reserved 253952K
}
Event: 0.404 GC heap after
{Heap after GC invocations=1 (full 0):
 garbage-first heap   total 262144K, used 8185K [0x00000000e0000000, 0x0000000100000000)
  region size 1024K, 2 young (2048K), 2 survivors (2048K)
 Metaspace       used 1696K, capacity 5209K, committed 5376K, reserved 262144K
  class space    used 169K, capacity 499K, committed 512K, reserved 253952K
}
Event: 0.660 GC heap before
{Heap before GC invocations=1 (full 0):
 garbage-first heap   total 262144K, used 20473K [0x00000000e0000000, 0x0000000100000000)
  region size 1024K, 15 young (15360K), 2 survivors (2048K)
 Metaspace       used 3957K, capacity 6607K, committed 6656K, reserved 262144K
  class space    used 488K, capacity 729K, committed 768K, reserved 253952K
}
Event: 0.662 GC heap after
{Heap after GC invocations=2 (full 0):
 garbage-first heap   total 262144K, used 9041K [0x00000000e0000000, 0x0000000100000000)
  region size 1024K, 1 young (1024K), 1 survivors (1024K)
 Metaspace       used 3957K, capacity 6607K, committed 6656K, reserved 262144K
  class space    used 488K, capacity 729K, committed 768K, reserved 253952K
}
Event: 0.935 GC heap before
{Heap before GC invocations=2 (full 0):
 garbage-first heap   total 262144K, used 32593K [0x00000000e0000000, 0x0000000100000000)
  region size 1024K, 25 young (25600K), 1 survivors (1024K)
 Metaspace       used 4110K, capacity 6607K, committed 6656K, reserved 262144K
  class space    used 493K, capacity 729K, committed 768K, reserved 253952K
}
Event: 0.938 GC heap after
{Heap after GC invocations=3 (full 0):
 garbage-first heap   total 262144K, used 13139K [0x00000000e0000000, 0x0000000100000000)
  region size 1024K, 4 young (4096K), 4 survivors (4096K)
 Metaspace       used 4110K, capacity 6607K, committed 6656K, reserved 262144K
  class space    used 493K, capacity 729K, committed 768K, reserved 253952K
}
Event: 3.002 GC heap before
{Heap before GC invocations=3 (full 0):
 garbage-first heap   total 262144K, used 101203K [0x00000000e0000000, 0x0000000100000000)
  region size 1024K, 91 young (93184K), 4 survivors (4096K)
 Metaspace       used 20692K, capacity 21155K, committed 21296K, reserved 272384K
  class space    used 2973K, capacity 3109K, committed 3200K, reserved 253952K
}
Event: 3.011 GC heap after
{Heap after GC invocations=4 (full 0):
 garbage-first heap   total 262144K, used 19077K [0x00000000e0000000, 0x0000000100000000)
  region size 1024K, 10 young (10240K), 10 survivors (10240K)
 Metaspace       used 20692K, capacity 21155K, committed 21296K, reserved 272384K
  class space    used 2973K, capacity 3109K, committed 3200K, reserved 253952K
}
Event: 4.941 GC heap before
{Heap before GC invocations=5 (full 0):
 garbage-first heap   total 262144K, used 99973K [0x00000000e0000000, 0x0000000100000000)
  region size 1024K, 87 young (89088K), 10 survivors (10240K)
 Metaspace       used 35140K, capacity 35731K, committed 35888K, reserved 286720K
  class space    used 4692K, capacity 4887K, committed 4992K, reserved 253952K
}
Event: 4.953 GC heap after
{Heap after GC invocations=6 (full 0):
 garbage-first heap   total 262144K, used 25554K [0x00000000e0000000, 0x0000000100000000)
  region size 1024K, 12 young (12288K), 12 survivors (12288K)
 Metaspace       used 35140K, capacity 35731K, committed 35888K, reserved 286720K
  class space    used 4692K, capacity 4887K, committed 4992K, reserved 253952K
}
Event: 16.444 GC heap before
{Heap before GC invocations=7 (full 0):
 garbage-first heap   total 262144K, used 166866K [0x00000000e0000000, 0x0000000100000000)
  region size 1024K, 150 young (153600K), 12 survivors (12288K)
 Metaspace       used 48960K, capacity 49962K, committed 50096K, reserved 296960K
  class space    used 6762K, capacity 7070K, committed 7168K, reserved 253952K
}
Event: 16.467 GC heap after
{Heap after GC invocations=8 (full 0):
 garbage-first heap   total 262144K, used 38202K [0x00000000e0000000, 0x0000000100000000)
  region size 1024K, 19 young (19456K), 19 survivors (19456K)
 Metaspace       used 48960K, capacity 49962K, committed 50096K, reserved 296960K
  class space    used 6762K, capacity 7070K, committed 7168K, reserved 253952K
}

